[0.019s] Invoking command in '/home/rmsentry/DUST_Infantry_Vision/src/build/auto_aim_interfaces': CMAKE_PREFIX_PATH=/opt/ros/humble /usr/local/bin/cmake /home/rmsentry/DUST_Infantry_Vision/src/auto_aim_interfaces -DCMAKE_INSTALL_PREFIX=/home/rmsentry/DUST_Infantry_Vision/src/install/auto_aim_interfaces
[0.108s] -- The C compiler identification is GNU 11.4.0
[0.239s] -- The CXX compiler identification is GNU 11.4.0
[0.260s] -- Detecting C compiler ABI info
[0.363s] -- Detecting C compiler ABI info - done
[0.393s] -- Check for working C compiler: /usr/bin/cc - skipped
[0.393s] -- Detecting C compile features
[0.393s] -- Detecting C compile features - done
[0.405s] -- Detecting CXX compiler ABI info
[0.508s] -- Detecting CXX compiler ABI info - done
[0.545s] -- Check for working CXX compiler: /usr/bin/c++ - skipped
[0.547s] -- Detecting CXX compile features
[0.547s] -- Detecting CXX compile features - done
[0.549s] -- Found ament_cmake: 1.3.12 (/opt/ros/humble/share/ament_cmake/cmake)
[0.740s] -- Found Python3: /usr/bin/python3 (found version "3.10.12") found components: Interpreter
[0.907s] -- Found rosidl_default_generators: 1.2.0 (/opt/ros/humble/share/rosidl_default_generators/cmake)
[0.914s] -- Using all available rosidl_typesupport_c: rosidl_typesupport_fastrtps_c;rosidl_typesupport_introspection_c
[0.928s] -- Found rosidl_adapter: 3.1.7 (/opt/ros/humble/share/rosidl_adapter/cmake)
[0.982s] -- Using all available rosidl_typesupport_cpp: rosidl_typesupport_fastrtps_cpp;rosidl_typesupport_introspection_cpp
[1.036s] -- Found std_msgs: 4.9.0 (/opt/ros/humble/share/std_msgs/cmake)
[1.081s] -- Found geometry_msgs: 4.9.0 (/opt/ros/humble/share/geometry_msgs/cmake)
[1.676s] -- Found ament_cmake_ros: 0.10.0 (/opt/ros/humble/share/ament_cmake_ros/cmake)
[2.258s] -- Using all available rosidl_typesupport_c: rosidl_typesupport_fastrtps_c;rosidl_typesupport_introspection_c
[3.031s] -- Using all available rosidl_typesupport_cpp: rosidl_typesupport_fastrtps_cpp;rosidl_typesupport_introspection_cpp
[3.033s] [33mCMake Warning (dev) at /opt/ros/humble/share/rosidl_generator_py/cmake/rosidl_generator_py_generate_interfaces.cmake:20 (find_package):
[3.034s]   Policy CMP0148 is not set: The FindPythonInterp and FindPythonLibs modules
[3.034s]   are removed.  Run "cmake --help-policy CMP0148" for policy details.  Use
[3.034s]   the cmake_policy command to set the policy and suppress this warning.
[3.034s] 
[3.034s] Call Stack (most recent call first):
[3.034s]   /opt/ros/humble/share/ament_cmake_core/cmake/core/ament_execute_extensions.cmake:48 (include)
[3.034s]   /opt/ros/humble/share/rosidl_cmake/cmake/rosidl_generate_interfaces.cmake:286 (ament_execute_extensions)
[3.034s]   CMakeLists.txt:14 (rosidl_generate_interfaces)
[3.034s] This warning is for project developers.  Use -Wno-dev to suppress it.
[3.034s] [0m
[3.059s] -- Found PythonInterp: /usr/bin/python3 (found suitable version "3.10.12", minimum required is "3.6")
[3.061s] -- Found python_cmake_module: 0.10.0 (/opt/ros/humble/share/python_cmake_module/cmake)
[3.062s] [33mCMake Warning (dev) at /opt/ros/humble/share/python_cmake_module/cmake/Modules/FindPythonExtra.cmake:52 (find_package):
[3.062s]   Policy CMP0148 is not set: The FindPythonInterp and FindPythonLibs modules
[3.062s]   are removed.  Run "cmake --help-policy CMP0148" for policy details.  Use
[3.062s]   the cmake_policy command to set the policy and suppress this warning.
[3.062s] 
[3.062s] Call Stack (most recent call first):
[3.062s]   /opt/ros/humble/share/rosidl_generator_py/cmake/rosidl_generator_py_generate_interfaces.cmake:23 (find_package)
[3.062s]   /opt/ros/humble/share/ament_cmake_core/cmake/core/ament_execute_extensions.cmake:48 (include)
[3.062s]   /opt/ros/humble/share/rosidl_cmake/cmake/rosidl_generate_interfaces.cmake:286 (ament_execute_extensions)
[3.062s]   CMakeLists.txt:14 (rosidl_generate_interfaces)
[3.062s] This warning is for project developers.  Use -Wno-dev to suppress it.
[3.063s] [0m
[3.087s] [33mCMake Warning (dev) at /opt/ros/humble/share/python_cmake_module/cmake/Modules/FindPythonExtra.cmake:140 (find_package):
[3.087s]   Policy CMP0148 is not set: The FindPythonInterp and FindPythonLibs modules
[3.087s]   are removed.  Run "cmake --help-policy CMP0148" for policy details.  Use
[3.087s]   the cmake_policy command to set the policy and suppress this warning.
[3.087s] 
[3.087s] Call Stack (most recent call first):
[3.087s]   /opt/ros/humble/share/rosidl_generator_py/cmake/rosidl_generator_py_generate_interfaces.cmake:23 (find_package)
[3.087s]   /opt/ros/humble/share/ament_cmake_core/cmake/core/ament_execute_extensions.cmake:48 (include)
[3.087s]   /opt/ros/humble/share/rosidl_cmake/cmake/rosidl_generate_interfaces.cmake:286 (ament_execute_extensions)
[3.087s]   CMakeLists.txt:14 (rosidl_generate_interfaces)
[3.087s] This warning is for project developers.  Use -Wno-dev to suppress it.
[3.087s] [0m
[3.095s] -- Found PythonLibs: /usr/lib/x86_64-linux-gnu/libpython3.10.so (found suitable version "3.10.12", minimum required is "3.5")
[3.096s] -- Using PYTHON_EXECUTABLE: /usr/bin/python3
[3.096s] -- Using PYTHON_INCLUDE_DIRS: /usr/include/python3.10
[3.096s] -- Using PYTHON_LIBRARIES: /usr/lib/x86_64-linux-gnu/libpython3.10.so
[3.122s] -- Found PythonExtra: .so
[3.208s] -- Configuring done (3.2s)
[3.267s] -- Generating done (0.0s)
[3.282s] -- Build files have been written to: /home/rmsentry/DUST_Infantry_Vision/src/build/auto_aim_interfaces
[3.289s] Invoked command in '/home/rmsentry/DUST_Infantry_Vision/src/build/auto_aim_interfaces' returned '0': CMAKE_PREFIX_PATH=/opt/ros/humble /usr/local/bin/cmake /home/rmsentry/DUST_Infantry_Vision/src/auto_aim_interfaces -DCMAKE_INSTALL_PREFIX=/home/rmsentry/DUST_Infantry_Vision/src/install/auto_aim_interfaces
[3.291s] Invoking command in '/home/rmsentry/DUST_Infantry_Vision/src/build/auto_aim_interfaces': CMAKE_PREFIX_PATH=/opt/ros/humble /usr/local/bin/cmake --build /home/rmsentry/DUST_Infantry_Vision/src/build/auto_aim_interfaces -- -j12 -l12
[3.319s] [  1%] [34m[1mGenerating C code for ROS interfaces[0m
[3.328s] [  3%] [34m[1mGenerating C++ code for ROS interfaces[0m
[3.350s] [  3%] Built target ament_cmake_python_copy_auto_aim_interfaces
[3.715s] running egg_info
[3.715s] creating auto_aim_interfaces.egg-info
[3.716s] writing auto_aim_interfaces.egg-info/PKG-INFO
[3.716s] writing dependency_links to auto_aim_interfaces.egg-info/dependency_links.txt
[3.717s] writing top-level names to auto_aim_interfaces.egg-info/top_level.txt
[3.717s] writing manifest file 'auto_aim_interfaces.egg-info/SOURCES.txt'
[3.721s] reading manifest file 'auto_aim_interfaces.egg-info/SOURCES.txt'
[3.723s] writing manifest file 'auto_aim_interfaces.egg-info/SOURCES.txt'
[3.762s] [  3%] Built target ament_cmake_python_build_auto_aim_interfaces_egg
[4.273s] [  3%] Built target auto_aim_interfaces__cpp
[4.297s] [  4%] [34m[1mGenerating C++ type support dispatch for ROS interfaces[0m
[4.307s] [  6%] [34m[1mGenerating C++ introspection for ROS interfaces[0m
[4.313s] [  7%] [34m[1mGenerating C++ type support for eProsima Fast-RTPS[0m
[4.342s] [  9%] [32mBuilding C object CMakeFiles/auto_aim_interfaces__rosidl_generator_c.dir/rosidl_generator_c/auto_aim_interfaces/msg/detail/gimbal_cmd__functions.c.o[0m
[4.376s] [ 11%] [32mBuilding C object CMakeFiles/auto_aim_interfaces__rosidl_generator_c.dir/rosidl_generator_c/auto_aim_interfaces/msg/detail/armors__functions.c.o[0m
[4.379s] [ 12%] [32mBuilding C object CMakeFiles/auto_aim_interfaces__rosidl_generator_c.dir/rosidl_generator_c/auto_aim_interfaces/msg/detail/target__functions.c.o[0m
[4.394s] [ 14%] [32mBuilding C object CMakeFiles/auto_aim_interfaces__rosidl_generator_c.dir/rosidl_generator_c/auto_aim_interfaces/msg/detail/tracker_info__functions.c.o[0m
[4.422s] [ 15%] [32mBuilding C object CMakeFiles/auto_aim_interfaces__rosidl_generator_c.dir/rosidl_generator_c/auto_aim_interfaces/msg/detail/measurement__functions.c.o[0m
[4.621s] [ 17%] [32m[1mLinking C shared library libauto_aim_interfaces__rosidl_generator_c.so[0m
[4.788s] [ 17%] Built target auto_aim_interfaces__rosidl_generator_c
[4.817s] [ 20%] [34m[1mGenerating C introspection for ROS interfaces[0m
[4.817s] [ 20%] [34m[1mGenerating C type support for eProsima Fast-RTPS[0m
[4.817s] [ 22%] [34m[1mGenerating C type support dispatch for ROS interfaces[0m
[5.463s] [ 23%] [32mBuilding CXX object CMakeFiles/auto_aim_interfaces__rosidl_typesupport_cpp.dir/rosidl_typesupport_cpp/auto_aim_interfaces/msg/armors__type_support.cpp.o[0m
[5.479s] [ 25%] [32mBuilding CXX object CMakeFiles/auto_aim_interfaces__rosidl_typesupport_cpp.dir/rosidl_typesupport_cpp/auto_aim_interfaces/msg/tracker_info__type_support.cpp.o[0m
[5.479s] [ 26%] [32mBuilding CXX object CMakeFiles/auto_aim_interfaces__rosidl_typesupport_cpp.dir/rosidl_typesupport_cpp/auto_aim_interfaces/msg/gimbal_cmd__type_support.cpp.o[0m
[5.485s] [ 30%] [32mBuilding CXX object CMakeFiles/auto_aim_interfaces__rosidl_typesupport_cpp.dir/rosidl_typesupport_cpp/auto_aim_interfaces/msg/measurement__type_support.cpp.o[0m
[5.485s] [ 28%] [32mBuilding CXX object CMakeFiles/auto_aim_interfaces__rosidl_typesupport_cpp.dir/rosidl_typesupport_cpp/auto_aim_interfaces/msg/target__type_support.cpp.o[0m
[5.525s] [ 31%] [32mBuilding CXX object CMakeFiles/auto_aim_interfaces__rosidl_typesupport_fastrtps_cpp.dir/rosidl_typesupport_fastrtps_cpp/auto_aim_interfaces/msg/detail/dds_fastrtps/gimbal_cmd__type_support.cpp.o[0m
[5.539s] [ 33%] [32mBuilding CXX object CMakeFiles/auto_aim_interfaces__rosidl_typesupport_fastrtps_cpp.dir/rosidl_typesupport_fastrtps_cpp/auto_aim_interfaces/msg/detail/dds_fastrtps/armors__type_support.cpp.o[0m
[5.552s] [ 34%] [32mBuilding CXX object CMakeFiles/auto_aim_interfaces__rosidl_typesupport_fastrtps_cpp.dir/rosidl_typesupport_fastrtps_cpp/auto_aim_interfaces/msg/detail/dds_fastrtps/target__type_support.cpp.o[0m
[6.051s] [ 36%] [32mBuilding CXX object CMakeFiles/auto_aim_interfaces__rosidl_typesupport_fastrtps_cpp.dir/rosidl_typesupport_fastrtps_cpp/auto_aim_interfaces/msg/detail/dds_fastrtps/tracker_info__type_support.cpp.o[0m
[6.073s] [ 38%] [32mBuilding CXX object CMakeFiles/auto_aim_interfaces__rosidl_typesupport_introspection_cpp.dir/rosidl_typesupport_introspection_cpp/auto_aim_interfaces/msg/detail/gimbal_cmd__type_support.cpp.o[0m
[6.324s] [ 39%] [32mBuilding CXX object CMakeFiles/auto_aim_interfaces__rosidl_typesupport_c.dir/rosidl_typesupport_c/auto_aim_interfaces/msg/gimbal_cmd__type_support.cpp.o[0m
[6.430s] [ 41%] [32mBuilding CXX object CMakeFiles/auto_aim_interfaces__rosidl_typesupport_c.dir/rosidl_typesupport_c/auto_aim_interfaces/msg/armors__type_support.cpp.o[0m
[6.543s] [ 42%] [32mBuilding CXX object CMakeFiles/auto_aim_interfaces__rosidl_typesupport_c.dir/rosidl_typesupport_c/auto_aim_interfaces/msg/target__type_support.cpp.o[0m
[6.623s] [ 44%] [32mBuilding CXX object CMakeFiles/auto_aim_interfaces__rosidl_typesupport_c.dir/rosidl_typesupport_c/auto_aim_interfaces/msg/tracker_info__type_support.cpp.o[0m
[6.648s] [ 46%] [32mBuilding C object CMakeFiles/auto_aim_interfaces__rosidl_typesupport_introspection_c.dir/rosidl_typesupport_introspection_c/auto_aim_interfaces/msg/detail/gimbal_cmd__type_support.c.o[0m
[6.686s] [ 47%] [32mBuilding C object CMakeFiles/auto_aim_interfaces__rosidl_typesupport_introspection_c.dir/rosidl_typesupport_introspection_c/auto_aim_interfaces/msg/detail/armors__type_support.c.o[0m
[6.714s] [ 49%] [32mBuilding CXX object CMakeFiles/auto_aim_interfaces__rosidl_typesupport_c.dir/rosidl_typesupport_c/auto_aim_interfaces/msg/measurement__type_support.cpp.o[0m
[6.761s] [ 50%] [32m[1mLinking CXX shared library libauto_aim_interfaces__rosidl_typesupport_c.so[0m
[6.786s] [ 52%] [32mBuilding C object CMakeFiles/auto_aim_interfaces__rosidl_typesupport_introspection_c.dir/rosidl_typesupport_introspection_c/auto_aim_interfaces/msg/detail/target__type_support.c.o[0m
[6.859s] [ 53%] [32mBuilding CXX object CMakeFiles/auto_aim_interfaces__rosidl_typesupport_fastrtps_c.dir/rosidl_typesupport_fastrtps_c/auto_aim_interfaces/msg/detail/gimbal_cmd__type_support_c.cpp.o[0m
[6.887s] [ 53%] Built target auto_aim_interfaces__rosidl_typesupport_c
[6.895s] [ 55%] [32mBuilding C object CMakeFiles/auto_aim_interfaces__rosidl_typesupport_introspection_c.dir/rosidl_typesupport_introspection_c/auto_aim_interfaces/msg/detail/tracker_info__type_support.c.o[0m
[6.948s] [ 57%] [32mBuilding C object CMakeFiles/auto_aim_interfaces__rosidl_typesupport_introspection_c.dir/rosidl_typesupport_introspection_c/auto_aim_interfaces/msg/detail/measurement__type_support.c.o[0m
[6.983s] [ 58%] [32m[1mLinking C shared library libauto_aim_interfaces__rosidl_typesupport_introspection_c.so[0m
[7.066s] [ 58%] Built target auto_aim_interfaces__rosidl_typesupport_introspection_c
[7.113s] [ 60%] [32m[1mLinking CXX shared library libauto_aim_interfaces__rosidl_typesupport_cpp.so[0m
[7.195s] [ 61%] [32mBuilding CXX object CMakeFiles/auto_aim_interfaces__rosidl_typesupport_introspection_cpp.dir/rosidl_typesupport_introspection_cpp/auto_aim_interfaces/msg/detail/tracker_info__type_support.cpp.o[0m
[7.230s] [ 61%] Built target auto_aim_interfaces__rosidl_typesupport_cpp
[7.454s] [ 63%] [32mBuilding CXX object CMakeFiles/auto_aim_interfaces__rosidl_typesupport_fastrtps_c.dir/rosidl_typesupport_fastrtps_c/auto_aim_interfaces/msg/detail/measurement__type_support_c.cpp.o[0m
[7.552s] [ 65%] [32mBuilding CXX object CMakeFiles/auto_aim_interfaces__rosidl_typesupport_fastrtps_cpp.dir/rosidl_typesupport_fastrtps_cpp/auto_aim_interfaces/msg/detail/dds_fastrtps/measurement__type_support.cpp.o[0m
[7.773s] [ 66%] [32mBuilding CXX object CMakeFiles/auto_aim_interfaces__rosidl_typesupport_introspection_cpp.dir/rosidl_typesupport_introspection_cpp/auto_aim_interfaces/msg/detail/measurement__type_support.cpp.o[0m
[7.852s] [ 68%] [32mBuilding CXX object CMakeFiles/auto_aim_interfaces__rosidl_typesupport_fastrtps_c.dir/rosidl_typesupport_fastrtps_c/auto_aim_interfaces/msg/detail/tracker_info__type_support_c.cpp.o[0m
[8.088s] [ 69%] [32m[1mLinking CXX shared library libauto_aim_interfaces__rosidl_typesupport_fastrtps_cpp.so[0m
[8.181s] [ 69%] Built target auto_aim_interfaces__rosidl_typesupport_fastrtps_cpp
[8.311s] [ 71%] [32mBuilding CXX object CMakeFiles/auto_aim_interfaces__rosidl_typesupport_fastrtps_c.dir/rosidl_typesupport_fastrtps_c/auto_aim_interfaces/msg/detail/target__type_support_c.cpp.o[0m
[8.367s] [ 73%] [32mBuilding CXX object CMakeFiles/auto_aim_interfaces__rosidl_typesupport_introspection_cpp.dir/rosidl_typesupport_introspection_cpp/auto_aim_interfaces/msg/detail/target__type_support.cpp.o[0m
[8.713s] [ 74%] [32mBuilding CXX object CMakeFiles/auto_aim_interfaces__rosidl_typesupport_fastrtps_c.dir/rosidl_typesupport_fastrtps_c/auto_aim_interfaces/msg/detail/armors__type_support_c.cpp.o[0m
[8.897s] [ 76%] [32mBuilding CXX object CMakeFiles/auto_aim_interfaces__rosidl_typesupport_introspection_cpp.dir/rosidl_typesupport_introspection_cpp/auto_aim_interfaces/msg/detail/armors__type_support.cpp.o[0m
[9.123s] [ 77%] [32m[1mLinking CXX shared library libauto_aim_interfaces__rosidl_typesupport_fastrtps_c.so[0m
[9.211s] [ 77%] Built target auto_aim_interfaces__rosidl_typesupport_fastrtps_c
[9.425s] [ 79%] [32m[1mLinking CXX shared library libauto_aim_interfaces__rosidl_typesupport_introspection_cpp.so[0m
[9.523s] [ 79%] Built target auto_aim_interfaces__rosidl_typesupport_introspection_cpp
[9.543s] [ 79%] Built target auto_aim_interfaces
[9.577s] [ 80%] [34m[1mGenerating Python code for ROS interfaces[0m
[10.465s] [ 80%] Built target auto_aim_interfaces__py
[10.479s] [ 82%] [32mBuilding C object CMakeFiles/auto_aim_interfaces__rosidl_generator_py.dir/rosidl_generator_py/auto_aim_interfaces/msg/_gimbal_cmd_s.c.o[0m
[10.579s] [ 84%] [32mBuilding C object CMakeFiles/auto_aim_interfaces__rosidl_generator_py.dir/rosidl_generator_py/auto_aim_interfaces/msg/_measurement_s.c.o[0m
[10.707s] [ 85%] [32mBuilding C object CMakeFiles/auto_aim_interfaces__rosidl_generator_py.dir/rosidl_generator_py/auto_aim_interfaces/msg/_tracker_info_s.c.o[0m
[10.833s] [ 87%] [32mBuilding C object CMakeFiles/auto_aim_interfaces__rosidl_generator_py.dir/rosidl_generator_py/auto_aim_interfaces/msg/_target_s.c.o[0m
[10.959s] [ 88%] [32mBuilding C object CMakeFiles/auto_aim_interfaces__rosidl_generator_py.dir/rosidl_generator_py/auto_aim_interfaces/msg/_armors_s.c.o[0m
[11.086s] [ 90%] [32m[1mLinking C shared library rosidl_generator_py/auto_aim_interfaces/libauto_aim_interfaces__rosidl_generator_py.so[0m
[11.128s] [ 90%] Built target auto_aim_interfaces__rosidl_generator_py
[11.142s] [ 92%] [32mBuilding C object CMakeFiles/auto_aim_interfaces__rosidl_typesupport_fastrtps_c__pyext.dir/rosidl_generator_py/auto_aim_interfaces/_auto_aim_interfaces_s.ep.rosidl_typesupport_fastrtps_c.c.o[0m
[11.277s] [ 93%] [32m[1mLinking C shared library rosidl_generator_py/auto_aim_interfaces/auto_aim_interfaces_s__rosidl_typesupport_fastrtps_c.cpython-310-x86_64-linux-gnu.so[0m
[11.315s] [ 93%] Built target auto_aim_interfaces__rosidl_typesupport_fastrtps_c__pyext
[11.328s] [ 95%] [32mBuilding C object CMakeFiles/auto_aim_interfaces__rosidl_typesupport_c__pyext.dir/rosidl_generator_py/auto_aim_interfaces/_auto_aim_interfaces_s.ep.rosidl_typesupport_c.c.o[0m
[11.454s] [ 96%] [32m[1mLinking C shared library rosidl_generator_py/auto_aim_interfaces/auto_aim_interfaces_s__rosidl_typesupport_c.cpython-310-x86_64-linux-gnu.so[0m
[11.492s] [ 96%] Built target auto_aim_interfaces__rosidl_typesupport_c__pyext
[11.505s] [ 98%] [32mBuilding C object CMakeFiles/auto_aim_interfaces__rosidl_typesupport_introspection_c__pyext.dir/rosidl_generator_py/auto_aim_interfaces/_auto_aim_interfaces_s.ep.rosidl_typesupport_introspection_c.c.o[0m
[11.630s] [100%] [32m[1mLinking C shared library rosidl_generator_py/auto_aim_interfaces/auto_aim_interfaces_s__rosidl_typesupport_introspection_c.cpython-310-x86_64-linux-gnu.so[0m
[11.669s] [100%] Built target auto_aim_interfaces__rosidl_typesupport_introspection_c__pyext
[11.677s] Invoked command in '/home/rmsentry/DUST_Infantry_Vision/src/build/auto_aim_interfaces' returned '0': CMAKE_PREFIX_PATH=/opt/ros/humble /usr/local/bin/cmake --build /home/rmsentry/DUST_Infantry_Vision/src/build/auto_aim_interfaces -- -j12 -l12
[11.680s] Invoking command in '/home/rmsentry/DUST_Infantry_Vision/src/build/auto_aim_interfaces': CMAKE_PREFIX_PATH=/opt/ros/humble /usr/local/bin/cmake --install /home/rmsentry/DUST_Infantry_Vision/src/build/auto_aim_interfaces
[11.684s] -- Install configuration: ""
[11.684s] -- Installing: /home/rmsentry/DUST_Infantry_Vision/src/install/auto_aim_interfaces/share/ament_index/resource_index/rosidl_interfaces/auto_aim_interfaces
[11.684s] -- Installing: /home/rmsentry/DUST_Infantry_Vision/src/install/auto_aim_interfaces/include/auto_aim_interfaces/auto_aim_interfaces
[11.684s] -- Installing: /home/rmsentry/DUST_Infantry_Vision/src/install/auto_aim_interfaces/include/auto_aim_interfaces/auto_aim_interfaces/msg
[11.685s] -- Installing: /home/rmsentry/DUST_Infantry_Vision/src/install/auto_aim_interfaces/include/auto_aim_interfaces/auto_aim_interfaces/msg/tracker_info.h
[11.685s] -- Installing: /home/rmsentry/DUST_Infantry_Vision/src/install/auto_aim_interfaces/include/auto_aim_interfaces/auto_aim_interfaces/msg/rosidl_generator_c__visibility_control.h
[11.685s] -- Installing: /home/rmsentry/DUST_Infantry_Vision/src/install/auto_aim_interfaces/include/auto_aim_interfaces/auto_aim_interfaces/msg/gimbal_cmd.h
[11.685s] -- Installing: /home/rmsentry/DUST_Infantry_Vision/src/install/auto_aim_interfaces/include/auto_aim_interfaces/auto_aim_interfaces/msg/armors.h
[11.685s] -- Installing: /home/rmsentry/DUST_Infantry_Vision/src/install/auto_aim_interfaces/include/auto_aim_interfaces/auto_aim_interfaces/msg/measurement.h
[11.685s] -- Installing: /home/rmsentry/DUST_Infantry_Vision/src/install/auto_aim_interfaces/include/auto_aim_interfaces/auto_aim_interfaces/msg/detail
[11.685s] -- Installing: /home/rmsentry/DUST_Infantry_Vision/src/install/auto_aim_interfaces/include/auto_aim_interfaces/auto_aim_interfaces/msg/detail/gimbal_cmd__functions.h
[11.685s] -- Installing: /home/rmsentry/DUST_Infantry_Vision/src/install/auto_aim_interfaces/include/auto_aim_interfaces/auto_aim_interfaces/msg/detail/armors__functions.c
[11.685s] -- Installing: /home/rmsentry/DUST_Infantry_Vision/src/install/auto_aim_interfaces/include/auto_aim_interfaces/auto_aim_interfaces/msg/detail/gimbal_cmd__functions.c
[11.685s] -- Installing: /home/rmsentry/DUST_Infantry_Vision/src/install/auto_aim_interfaces/include/auto_aim_interfaces/auto_aim_interfaces/msg/detail/measurement__functions.c
[11.685s] -- Installing: /home/rmsentry/DUST_Infantry_Vision/src/install/auto_aim_interfaces/include/auto_aim_interfaces/auto_aim_interfaces/msg/detail/tracker_info__functions.c
[11.686s] -- Installing: /home/rmsentry/DUST_Infantry_Vision/src/install/auto_aim_interfaces/include/auto_aim_interfaces/auto_aim_interfaces/msg/detail/tracker_info__type_support.h
[11.686s] -- Installing: /home/rmsentry/DUST_Infantry_Vision/src/install/auto_aim_interfaces/include/auto_aim_interfaces/auto_aim_interfaces/msg/detail/target__functions.c
[11.686s] -- Installing: /home/rmsentry/DUST_Infantry_Vision/src/install/auto_aim_interfaces/include/auto_aim_interfaces/auto_aim_interfaces/msg/detail/measurement__type_support.h
[11.686s] -- Installing: /home/rmsentry/DUST_Infantry_Vision/src/install/auto_aim_interfaces/include/auto_aim_interfaces/auto_aim_interfaces/msg/detail/target__struct.h
[11.686s] -- Installing: /home/rmsentry/DUST_Infantry_Vision/src/install/auto_aim_interfaces/include/auto_aim_interfaces/auto_aim_interfaces/msg/detail/tracker_info__functions.h
[11.686s] -- Installing: /home/rmsentry/DUST_Infantry_Vision/src/install/auto_aim_interfaces/include/auto_aim_interfaces/auto_aim_interfaces/msg/detail/armors__struct.h
[11.686s] -- Installing: /home/rmsentry/DUST_Infantry_Vision/src/install/auto_aim_interfaces/include/auto_aim_interfaces/auto_aim_interfaces/msg/detail/target__type_support.h
[11.686s] -- Installing: /home/rmsentry/DUST_Infantry_Vision/src/install/auto_aim_interfaces/include/auto_aim_interfaces/auto_aim_interfaces/msg/detail/target__functions.h
[11.686s] -- Installing: /home/rmsentry/DUST_Infantry_Vision/src/install/auto_aim_interfaces/include/auto_aim_interfaces/auto_aim_interfaces/msg/detail/gimbal_cmd__type_support.h
[11.686s] -- Installing: /home/rmsentry/DUST_Infantry_Vision/src/install/auto_aim_interfaces/include/auto_aim_interfaces/auto_aim_interfaces/msg/detail/measurement__functions.h
[11.686s] -- Installing: /home/rmsentry/DUST_Infantry_Vision/src/install/auto_aim_interfaces/include/auto_aim_interfaces/auto_aim_interfaces/msg/detail/gimbal_cmd__struct.h
[11.687s] -- Installing: /home/rmsentry/DUST_Infantry_Vision/src/install/auto_aim_interfaces/include/auto_aim_interfaces/auto_aim_interfaces/msg/detail/armors__type_support.h
[11.687s] -- Installing: /home/rmsentry/DUST_Infantry_Vision/src/install/auto_aim_interfaces/include/auto_aim_interfaces/auto_aim_interfaces/msg/detail/measurement__struct.h
[11.687s] -- Installing: /home/rmsentry/DUST_Infantry_Vision/src/install/auto_aim_interfaces/include/auto_aim_interfaces/auto_aim_interfaces/msg/detail/armors__functions.h
[11.687s] -- Installing: /home/rmsentry/DUST_Infantry_Vision/src/install/auto_aim_interfaces/include/auto_aim_interfaces/auto_aim_interfaces/msg/detail/tracker_info__struct.h
[11.687s] -- Installing: /home/rmsentry/DUST_Infantry_Vision/src/install/auto_aim_interfaces/include/auto_aim_interfaces/auto_aim_interfaces/msg/target.h
[11.687s] -- Installing: /home/rmsentry/DUST_Infantry_Vision/src/install/auto_aim_interfaces/share/auto_aim_interfaces/environment/library_path.sh
[11.687s] -- Installing: /home/rmsentry/DUST_Infantry_Vision/src/install/auto_aim_interfaces/share/auto_aim_interfaces/environment/library_path.dsv
[11.687s] -- Installing: /home/rmsentry/DUST_Infantry_Vision/src/install/auto_aim_interfaces/lib/libauto_aim_interfaces__rosidl_generator_c.so
[11.687s] -- Set non-toolchain portion of runtime path of "/home/rmsentry/DUST_Infantry_Vision/src/install/auto_aim_interfaces/lib/libauto_aim_interfaces__rosidl_generator_c.so" to ""
[11.687s] -- Up-to-date: /home/rmsentry/DUST_Infantry_Vision/src/install/auto_aim_interfaces/include/auto_aim_interfaces/auto_aim_interfaces
[11.688s] -- Up-to-date: /home/rmsentry/DUST_Infantry_Vision/src/install/auto_aim_interfaces/include/auto_aim_interfaces/auto_aim_interfaces/msg
[11.688s] -- Installing: /home/rmsentry/DUST_Infantry_Vision/src/install/auto_aim_interfaces/include/auto_aim_interfaces/auto_aim_interfaces/msg/rosidl_typesupport_fastrtps_c__visibility_control.h
[11.688s] -- Up-to-date: /home/rmsentry/DUST_Infantry_Vision/src/install/auto_aim_interfaces/include/auto_aim_interfaces/auto_aim_interfaces/msg/detail
[11.688s] -- Installing: /home/rmsentry/DUST_Infantry_Vision/src/install/auto_aim_interfaces/include/auto_aim_interfaces/auto_aim_interfaces/msg/detail/gimbal_cmd__rosidl_typesupport_fastrtps_c.h
[11.688s] -- Installing: /home/rmsentry/DUST_Infantry_Vision/src/install/auto_aim_interfaces/include/auto_aim_interfaces/auto_aim_interfaces/msg/detail/tracker_info__rosidl_typesupport_fastrtps_c.h
[11.688s] -- Installing: /home/rmsentry/DUST_Infantry_Vision/src/install/auto_aim_interfaces/include/auto_aim_interfaces/auto_aim_interfaces/msg/detail/armors__rosidl_typesupport_fastrtps_c.h
[11.688s] -- Installing: /home/rmsentry/DUST_Infantry_Vision/src/install/auto_aim_interfaces/include/auto_aim_interfaces/auto_aim_interfaces/msg/detail/target__rosidl_typesupport_fastrtps_c.h
[11.688s] -- Installing: /home/rmsentry/DUST_Infantry_Vision/src/install/auto_aim_interfaces/include/auto_aim_interfaces/auto_aim_interfaces/msg/detail/measurement__rosidl_typesupport_fastrtps_c.h
[11.688s] -- Installing: /home/rmsentry/DUST_Infantry_Vision/src/install/auto_aim_interfaces/lib/libauto_aim_interfaces__rosidl_typesupport_fastrtps_c.so
[11.688s] -- Set non-toolchain portion of runtime path of "/home/rmsentry/DUST_Infantry_Vision/src/install/auto_aim_interfaces/lib/libauto_aim_interfaces__rosidl_typesupport_fastrtps_c.so" to ""
[11.689s] -- Up-to-date: /home/rmsentry/DUST_Infantry_Vision/src/install/auto_aim_interfaces/include/auto_aim_interfaces/auto_aim_interfaces
[11.689s] -- Up-to-date: /home/rmsentry/DUST_Infantry_Vision/src/install/auto_aim_interfaces/include/auto_aim_interfaces/auto_aim_interfaces/msg
[11.689s] -- Installing: /home/rmsentry/DUST_Infantry_Vision/src/install/auto_aim_interfaces/include/auto_aim_interfaces/auto_aim_interfaces/msg/rosidl_typesupport_introspection_c__visibility_control.h
[11.689s] -- Up-to-date: /home/rmsentry/DUST_Infantry_Vision/src/install/auto_aim_interfaces/include/auto_aim_interfaces/auto_aim_interfaces/msg/detail
[11.689s] -- Installing: /home/rmsentry/DUST_Infantry_Vision/src/install/auto_aim_interfaces/include/auto_aim_interfaces/auto_aim_interfaces/msg/detail/measurement__rosidl_typesupport_introspection_c.h
[11.689s] -- Installing: /home/rmsentry/DUST_Infantry_Vision/src/install/auto_aim_interfaces/include/auto_aim_interfaces/auto_aim_interfaces/msg/detail/target__type_support.c
[11.689s] -- Installing: /home/rmsentry/DUST_Infantry_Vision/src/install/auto_aim_interfaces/include/auto_aim_interfaces/auto_aim_interfaces/msg/detail/armors__rosidl_typesupport_introspection_c.h
[11.689s] -- Installing: /home/rmsentry/DUST_Infantry_Vision/src/install/auto_aim_interfaces/include/auto_aim_interfaces/auto_aim_interfaces/msg/detail/measurement__type_support.c
[11.689s] -- Installing: /home/rmsentry/DUST_Infantry_Vision/src/install/auto_aim_interfaces/include/auto_aim_interfaces/auto_aim_interfaces/msg/detail/tracker_info__type_support.c
[11.689s] -- Installing: /home/rmsentry/DUST_Infantry_Vision/src/install/auto_aim_interfaces/include/auto_aim_interfaces/auto_aim_interfaces/msg/detail/armors__type_support.c
[11.689s] -- Installing: /home/rmsentry/DUST_Infantry_Vision/src/install/auto_aim_interfaces/include/auto_aim_interfaces/auto_aim_interfaces/msg/detail/gimbal_cmd__rosidl_typesupport_introspection_c.h
[11.690s] -- Installing: /home/rmsentry/DUST_Infantry_Vision/src/install/auto_aim_interfaces/include/auto_aim_interfaces/auto_aim_interfaces/msg/detail/gimbal_cmd__type_support.c
[11.690s] -- Installing: /home/rmsentry/DUST_Infantry_Vision/src/install/auto_aim_interfaces/include/auto_aim_interfaces/auto_aim_interfaces/msg/detail/tracker_info__rosidl_typesupport_introspection_c.h
[11.690s] -- Installing: /home/rmsentry/DUST_Infantry_Vision/src/install/auto_aim_interfaces/include/auto_aim_interfaces/auto_aim_interfaces/msg/detail/target__rosidl_typesupport_introspection_c.h
[11.690s] -- Installing: /home/rmsentry/DUST_Infantry_Vision/src/install/auto_aim_interfaces/lib/libauto_aim_interfaces__rosidl_typesupport_introspection_c.so
[11.690s] -- Set non-toolchain portion of runtime path of "/home/rmsentry/DUST_Infantry_Vision/src/install/auto_aim_interfaces/lib/libauto_aim_interfaces__rosidl_typesupport_introspection_c.so" to ""
[11.690s] -- Installing: /home/rmsentry/DUST_Infantry_Vision/src/install/auto_aim_interfaces/lib/libauto_aim_interfaces__rosidl_typesupport_c.so
[11.691s] -- Set non-toolchain portion of runtime path of "/home/rmsentry/DUST_Infantry_Vision/src/install/auto_aim_interfaces/lib/libauto_aim_interfaces__rosidl_typesupport_c.so" to ""
[11.691s] -- Up-to-date: /home/rmsentry/DUST_Infantry_Vision/src/install/auto_aim_interfaces/include/auto_aim_interfaces/auto_aim_interfaces
[11.691s] -- Up-to-date: /home/rmsentry/DUST_Infantry_Vision/src/install/auto_aim_interfaces/include/auto_aim_interfaces/auto_aim_interfaces/msg
[11.691s] -- Installing: /home/rmsentry/DUST_Infantry_Vision/src/install/auto_aim_interfaces/include/auto_aim_interfaces/auto_aim_interfaces/msg/measurement.hpp
[11.691s] -- Installing: /home/rmsentry/DUST_Infantry_Vision/src/install/auto_aim_interfaces/include/auto_aim_interfaces/auto_aim_interfaces/msg/gimbal_cmd.hpp
[11.691s] -- Installing: /home/rmsentry/DUST_Infantry_Vision/src/install/auto_aim_interfaces/include/auto_aim_interfaces/auto_aim_interfaces/msg/target.hpp
[11.691s] -- Up-to-date: /home/rmsentry/DUST_Infantry_Vision/src/install/auto_aim_interfaces/include/auto_aim_interfaces/auto_aim_interfaces/msg/detail
[11.691s] -- Installing: /home/rmsentry/DUST_Infantry_Vision/src/install/auto_aim_interfaces/include/auto_aim_interfaces/auto_aim_interfaces/msg/detail/tracker_info__type_support.hpp
[11.691s] -- Installing: /home/rmsentry/DUST_Infantry_Vision/src/install/auto_aim_interfaces/include/auto_aim_interfaces/auto_aim_interfaces/msg/detail/tracker_info__struct.hpp
[11.691s] -- Installing: /home/rmsentry/DUST_Infantry_Vision/src/install/auto_aim_interfaces/include/auto_aim_interfaces/auto_aim_interfaces/msg/detail/measurement__builder.hpp
[11.692s] -- Installing: /home/rmsentry/DUST_Infantry_Vision/src/install/auto_aim_interfaces/include/auto_aim_interfaces/auto_aim_interfaces/msg/detail/armors__type_support.hpp
[11.692s] -- Installing: /home/rmsentry/DUST_Infantry_Vision/src/install/auto_aim_interfaces/include/auto_aim_interfaces/auto_aim_interfaces/msg/detail/armors__builder.hpp
[11.692s] -- Installing: /home/rmsentry/DUST_Infantry_Vision/src/install/auto_aim_interfaces/include/auto_aim_interfaces/auto_aim_interfaces/msg/detail/armors__traits.hpp
[11.692s] -- Installing: /home/rmsentry/DUST_Infantry_Vision/src/install/auto_aim_interfaces/include/auto_aim_interfaces/auto_aim_interfaces/msg/detail/target__builder.hpp
[11.692s] -- Installing: /home/rmsentry/DUST_Infantry_Vision/src/install/auto_aim_interfaces/include/auto_aim_interfaces/auto_aim_interfaces/msg/detail/tracker_info__builder.hpp
[11.692s] -- Installing: /home/rmsentry/DUST_Infantry_Vision/src/install/auto_aim_interfaces/include/auto_aim_interfaces/auto_aim_interfaces/msg/detail/gimbal_cmd__type_support.hpp
[11.692s] -- Installing: /home/rmsentry/DUST_Infantry_Vision/src/install/auto_aim_interfaces/include/auto_aim_interfaces/auto_aim_interfaces/msg/detail/tracker_info__traits.hpp
[11.692s] -- Installing: /home/rmsentry/DUST_Infantry_Vision/src/install/auto_aim_interfaces/include/auto_aim_interfaces/auto_aim_interfaces/msg/detail/measurement__traits.hpp
[11.692s] -- Installing: /home/rmsentry/DUST_Infantry_Vision/src/install/auto_aim_interfaces/include/auto_aim_interfaces/auto_aim_interfaces/msg/detail/measurement__type_support.hpp
[11.692s] -- Installing: /home/rmsentry/DUST_Infantry_Vision/src/install/auto_aim_interfaces/include/auto_aim_interfaces/auto_aim_interfaces/msg/detail/gimbal_cmd__struct.hpp
[11.692s] -- Installing: /home/rmsentry/DUST_Infantry_Vision/src/install/auto_aim_interfaces/include/auto_aim_interfaces/auto_aim_interfaces/msg/detail/gimbal_cmd__builder.hpp
[11.693s] -- Installing: /home/rmsentry/DUST_Infantry_Vision/src/install/auto_aim_interfaces/include/auto_aim_interfaces/auto_aim_interfaces/msg/detail/target__type_support.hpp
[11.693s] -- Installing: /home/rmsentry/DUST_Infantry_Vision/src/install/auto_aim_interfaces/include/auto_aim_interfaces/auto_aim_interfaces/msg/detail/armors__struct.hpp
[11.693s] -- Installing: /home/rmsentry/DUST_Infantry_Vision/src/install/auto_aim_interfaces/include/auto_aim_interfaces/auto_aim_interfaces/msg/detail/gimbal_cmd__traits.hpp
[11.693s] -- Installing: /home/rmsentry/DUST_Infantry_Vision/src/install/auto_aim_interfaces/include/auto_aim_interfaces/auto_aim_interfaces/msg/detail/target__struct.hpp
[11.693s] -- Installing: /home/rmsentry/DUST_Infantry_Vision/src/install/auto_aim_interfaces/include/auto_aim_interfaces/auto_aim_interfaces/msg/detail/measurement__struct.hpp
[11.693s] -- Installing: /home/rmsentry/DUST_Infantry_Vision/src/install/auto_aim_interfaces/include/auto_aim_interfaces/auto_aim_interfaces/msg/detail/target__traits.hpp
[11.693s] -- Installing: /home/rmsentry/DUST_Infantry_Vision/src/install/auto_aim_interfaces/include/auto_aim_interfaces/auto_aim_interfaces/msg/tracker_info.hpp
[11.693s] -- Installing: /home/rmsentry/DUST_Infantry_Vision/src/install/auto_aim_interfaces/include/auto_aim_interfaces/auto_aim_interfaces/msg/armors.hpp
[11.693s] -- Installing: /home/rmsentry/DUST_Infantry_Vision/src/install/auto_aim_interfaces/include/auto_aim_interfaces/auto_aim_interfaces/msg/rosidl_generator_cpp__visibility_control.hpp
[11.693s] -- Up-to-date: /home/rmsentry/DUST_Infantry_Vision/src/install/auto_aim_interfaces/include/auto_aim_interfaces/auto_aim_interfaces
[11.693s] -- Up-to-date: /home/rmsentry/DUST_Infantry_Vision/src/install/auto_aim_interfaces/include/auto_aim_interfaces/auto_aim_interfaces/msg
[11.693s] -- Installing: /home/rmsentry/DUST_Infantry_Vision/src/install/auto_aim_interfaces/include/auto_aim_interfaces/auto_aim_interfaces/msg/rosidl_typesupport_fastrtps_cpp__visibility_control.h
[11.694s] -- Up-to-date: /home/rmsentry/DUST_Infantry_Vision/src/install/auto_aim_interfaces/include/auto_aim_interfaces/auto_aim_interfaces/msg/detail
[11.694s] -- Installing: /home/rmsentry/DUST_Infantry_Vision/src/install/auto_aim_interfaces/include/auto_aim_interfaces/auto_aim_interfaces/msg/detail/gimbal_cmd__rosidl_typesupport_fastrtps_cpp.hpp
[11.694s] -- Installing: /home/rmsentry/DUST_Infantry_Vision/src/install/auto_aim_interfaces/include/auto_aim_interfaces/auto_aim_interfaces/msg/detail/tracker_info__rosidl_typesupport_fastrtps_cpp.hpp
[11.694s] -- Installing: /home/rmsentry/DUST_Infantry_Vision/src/install/auto_aim_interfaces/include/auto_aim_interfaces/auto_aim_interfaces/msg/detail/dds_fastrtps
[11.694s] -- Installing: /home/rmsentry/DUST_Infantry_Vision/src/install/auto_aim_interfaces/include/auto_aim_interfaces/auto_aim_interfaces/msg/detail/target__rosidl_typesupport_fastrtps_cpp.hpp
[11.694s] -- Installing: /home/rmsentry/DUST_Infantry_Vision/src/install/auto_aim_interfaces/include/auto_aim_interfaces/auto_aim_interfaces/msg/detail/armors__rosidl_typesupport_fastrtps_cpp.hpp
[11.694s] -- Installing: /home/rmsentry/DUST_Infantry_Vision/src/install/auto_aim_interfaces/include/auto_aim_interfaces/auto_aim_interfaces/msg/detail/measurement__rosidl_typesupport_fastrtps_cpp.hpp
[11.694s] -- Installing: /home/rmsentry/DUST_Infantry_Vision/src/install/auto_aim_interfaces/lib/libauto_aim_interfaces__rosidl_typesupport_fastrtps_cpp.so
[11.694s] -- Set non-toolchain portion of runtime path of "/home/rmsentry/DUST_Infantry_Vision/src/install/auto_aim_interfaces/lib/libauto_aim_interfaces__rosidl_typesupport_fastrtps_cpp.so" to ""
[11.694s] -- Up-to-date: /home/rmsentry/DUST_Infantry_Vision/src/install/auto_aim_interfaces/include/auto_aim_interfaces/auto_aim_interfaces
[11.694s] -- Up-to-date: /home/rmsentry/DUST_Infantry_Vision/src/install/auto_aim_interfaces/include/auto_aim_interfaces/auto_aim_interfaces/msg
[11.694s] -- Up-to-date: /home/rmsentry/DUST_Infantry_Vision/src/install/auto_aim_interfaces/include/auto_aim_interfaces/auto_aim_interfaces/msg/detail
[11.695s] -- Installing: /home/rmsentry/DUST_Infantry_Vision/src/install/auto_aim_interfaces/include/auto_aim_interfaces/auto_aim_interfaces/msg/detail/target__rosidl_typesupport_introspection_cpp.hpp
[11.695s] -- Installing: /home/rmsentry/DUST_Infantry_Vision/src/install/auto_aim_interfaces/include/auto_aim_interfaces/auto_aim_interfaces/msg/detail/measurement__type_support.cpp
[11.695s] -- Installing: /home/rmsentry/DUST_Infantry_Vision/src/install/auto_aim_interfaces/include/auto_aim_interfaces/auto_aim_interfaces/msg/detail/tracker_info__rosidl_typesupport_introspection_cpp.hpp
[11.695s] -- Installing: /home/rmsentry/DUST_Infantry_Vision/src/install/auto_aim_interfaces/include/auto_aim_interfaces/auto_aim_interfaces/msg/detail/armors__type_support.cpp
[11.695s] -- Installing: /home/rmsentry/DUST_Infantry_Vision/src/install/auto_aim_interfaces/include/auto_aim_interfaces/auto_aim_interfaces/msg/detail/armors__rosidl_typesupport_introspection_cpp.hpp
[11.695s] -- Installing: /home/rmsentry/DUST_Infantry_Vision/src/install/auto_aim_interfaces/include/auto_aim_interfaces/auto_aim_interfaces/msg/detail/measurement__rosidl_typesupport_introspection_cpp.hpp
[11.695s] -- Installing: /home/rmsentry/DUST_Infantry_Vision/src/install/auto_aim_interfaces/include/auto_aim_interfaces/auto_aim_interfaces/msg/detail/gimbal_cmd__type_support.cpp
[11.695s] -- Installing: /home/rmsentry/DUST_Infantry_Vision/src/install/auto_aim_interfaces/include/auto_aim_interfaces/auto_aim_interfaces/msg/detail/tracker_info__type_support.cpp
[11.695s] -- Installing: /home/rmsentry/DUST_Infantry_Vision/src/install/auto_aim_interfaces/include/auto_aim_interfaces/auto_aim_interfaces/msg/detail/gimbal_cmd__rosidl_typesupport_introspection_cpp.hpp
[11.695s] -- Installing: /home/rmsentry/DUST_Infantry_Vision/src/install/auto_aim_interfaces/include/auto_aim_interfaces/auto_aim_interfaces/msg/detail/target__type_support.cpp
[11.695s] -- Installing: /home/rmsentry/DUST_Infantry_Vision/src/install/auto_aim_interfaces/lib/libauto_aim_interfaces__rosidl_typesupport_introspection_cpp.so
[11.696s] -- Set non-toolchain portion of runtime path of "/home/rmsentry/DUST_Infantry_Vision/src/install/auto_aim_interfaces/lib/libauto_aim_interfaces__rosidl_typesupport_introspection_cpp.so" to ""
[11.696s] -- Installing: /home/rmsentry/DUST_Infantry_Vision/src/install/auto_aim_interfaces/lib/libauto_aim_interfaces__rosidl_typesupport_cpp.so
[11.696s] -- Set non-toolchain portion of runtime path of "/home/rmsentry/DUST_Infantry_Vision/src/install/auto_aim_interfaces/lib/libauto_aim_interfaces__rosidl_typesupport_cpp.so" to ""
[11.696s] -- Installing: /home/rmsentry/DUST_Infantry_Vision/src/install/auto_aim_interfaces/share/auto_aim_interfaces/environment/pythonpath.sh
[11.696s] -- Installing: /home/rmsentry/DUST_Infantry_Vision/src/install/auto_aim_interfaces/share/auto_aim_interfaces/environment/pythonpath.dsv
[11.696s] -- Installing: /home/rmsentry/DUST_Infantry_Vision/src/install/auto_aim_interfaces/local/lib/python3.10/dist-packages/auto_aim_interfaces-0.0.0-py3.10.egg-info
[11.696s] -- Installing: /home/rmsentry/DUST_Infantry_Vision/src/install/auto_aim_interfaces/local/lib/python3.10/dist-packages/auto_aim_interfaces-0.0.0-py3.10.egg-info/dependency_links.txt
[11.696s] -- Installing: /home/rmsentry/DUST_Infantry_Vision/src/install/auto_aim_interfaces/local/lib/python3.10/dist-packages/auto_aim_interfaces-0.0.0-py3.10.egg-info/SOURCES.txt
[11.696s] -- Installing: /home/rmsentry/DUST_Infantry_Vision/src/install/auto_aim_interfaces/local/lib/python3.10/dist-packages/auto_aim_interfaces-0.0.0-py3.10.egg-info/PKG-INFO
[11.696s] -- Installing: /home/rmsentry/DUST_Infantry_Vision/src/install/auto_aim_interfaces/local/lib/python3.10/dist-packages/auto_aim_interfaces-0.0.0-py3.10.egg-info/top_level.txt
[11.696s] -- Installing: /home/rmsentry/DUST_Infantry_Vision/src/install/auto_aim_interfaces/local/lib/python3.10/dist-packages/auto_aim_interfaces
[11.697s] -- Installing: /home/rmsentry/DUST_Infantry_Vision/src/install/auto_aim_interfaces/local/lib/python3.10/dist-packages/auto_aim_interfaces/auto_aim_interfaces_s__rosidl_typesupport_fastrtps_c.cpython-310-x86_64-linux-gnu.so
[11.697s] -- Installing: /home/rmsentry/DUST_Infantry_Vision/src/install/auto_aim_interfaces/local/lib/python3.10/dist-packages/auto_aim_interfaces/msg
[11.697s] -- Installing: /home/rmsentry/DUST_Infantry_Vision/src/install/auto_aim_interfaces/local/lib/python3.10/dist-packages/auto_aim_interfaces/msg/_gimbal_cmd_s.c
[11.697s] -- Installing: /home/rmsentry/DUST_Infantry_Vision/src/install/auto_aim_interfaces/local/lib/python3.10/dist-packages/auto_aim_interfaces/msg/_target.py
[11.697s] -- Installing: /home/rmsentry/DUST_Infantry_Vision/src/install/auto_aim_interfaces/local/lib/python3.10/dist-packages/auto_aim_interfaces/msg/_gimbal_cmd.py
[11.697s] -- Installing: /home/rmsentry/DUST_Infantry_Vision/src/install/auto_aim_interfaces/local/lib/python3.10/dist-packages/auto_aim_interfaces/msg/_measurement_s.c
[11.697s] -- Installing: /home/rmsentry/DUST_Infantry_Vision/src/install/auto_aim_interfaces/local/lib/python3.10/dist-packages/auto_aim_interfaces/msg/_armors_s.c
[11.697s] -- Installing: /home/rmsentry/DUST_Infantry_Vision/src/install/auto_aim_interfaces/local/lib/python3.10/dist-packages/auto_aim_interfaces/msg/_armors.py
[11.697s] -- Installing: /home/rmsentry/DUST_Infantry_Vision/src/install/auto_aim_interfaces/local/lib/python3.10/dist-packages/auto_aim_interfaces/msg/__init__.py
[11.697s] -- Installing: /home/rmsentry/DUST_Infantry_Vision/src/install/auto_aim_interfaces/local/lib/python3.10/dist-packages/auto_aim_interfaces/msg/_target_s.c
[11.698s] -- Installing: /home/rmsentry/DUST_Infantry_Vision/src/install/auto_aim_interfaces/local/lib/python3.10/dist-packages/auto_aim_interfaces/msg/_tracker_info_s.c
[11.698s] -- Installing: /home/rmsentry/DUST_Infantry_Vision/src/install/auto_aim_interfaces/local/lib/python3.10/dist-packages/auto_aim_interfaces/msg/_measurement.py
[11.698s] -- Installing: /home/rmsentry/DUST_Infantry_Vision/src/install/auto_aim_interfaces/local/lib/python3.10/dist-packages/auto_aim_interfaces/msg/_tracker_info.py
[11.698s] -- Installing: /home/rmsentry/DUST_Infantry_Vision/src/install/auto_aim_interfaces/local/lib/python3.10/dist-packages/auto_aim_interfaces/_auto_aim_interfaces_s.ep.rosidl_typesupport_introspection_c.c
[11.698s] -- Installing: /home/rmsentry/DUST_Infantry_Vision/src/install/auto_aim_interfaces/local/lib/python3.10/dist-packages/auto_aim_interfaces/_auto_aim_interfaces_s.ep.rosidl_typesupport_fastrtps_c.c
[11.698s] -- Installing: /home/rmsentry/DUST_Infantry_Vision/src/install/auto_aim_interfaces/local/lib/python3.10/dist-packages/auto_aim_interfaces/_auto_aim_interfaces_s.ep.rosidl_typesupport_c.c
[11.698s] -- Installing: /home/rmsentry/DUST_Infantry_Vision/src/install/auto_aim_interfaces/local/lib/python3.10/dist-packages/auto_aim_interfaces/__init__.py
[11.698s] -- Installing: /home/rmsentry/DUST_Infantry_Vision/src/install/auto_aim_interfaces/local/lib/python3.10/dist-packages/auto_aim_interfaces/auto_aim_interfaces_s__rosidl_typesupport_c.cpython-310-x86_64-linux-gnu.so
[11.698s] -- Installing: /home/rmsentry/DUST_Infantry_Vision/src/install/auto_aim_interfaces/local/lib/python3.10/dist-packages/auto_aim_interfaces/auto_aim_interfaces_s__rosidl_typesupport_introspection_c.cpython-310-x86_64-linux-gnu.so
[11.698s] -- Installing: /home/rmsentry/DUST_Infantry_Vision/src/install/auto_aim_interfaces/local/lib/python3.10/dist-packages/auto_aim_interfaces/libauto_aim_interfaces__rosidl_generator_py.so
[11.744s] Listing '/home/rmsentry/DUST_Infantry_Vision/src/install/auto_aim_interfaces/local/lib/python3.10/dist-packages/auto_aim_interfaces'...
[11.745s] Compiling '/home/rmsentry/DUST_Infantry_Vision/src/install/auto_aim_interfaces/local/lib/python3.10/dist-packages/auto_aim_interfaces/__init__.py'...
[11.745s] Listing '/home/rmsentry/DUST_Infantry_Vision/src/install/auto_aim_interfaces/local/lib/python3.10/dist-packages/auto_aim_interfaces/msg'...
[11.745s] Compiling '/home/rmsentry/DUST_Infantry_Vision/src/install/auto_aim_interfaces/local/lib/python3.10/dist-packages/auto_aim_interfaces/msg/__init__.py'...
[11.745s] Compiling '/home/rmsentry/DUST_Infantry_Vision/src/install/auto_aim_interfaces/local/lib/python3.10/dist-packages/auto_aim_interfaces/msg/_armors.py'...
[11.745s] Compiling '/home/rmsentry/DUST_Infantry_Vision/src/install/auto_aim_interfaces/local/lib/python3.10/dist-packages/auto_aim_interfaces/msg/_gimbal_cmd.py'...
[11.745s] Compiling '/home/rmsentry/DUST_Infantry_Vision/src/install/auto_aim_interfaces/local/lib/python3.10/dist-packages/auto_aim_interfaces/msg/_measurement.py'...
[11.745s] Compiling '/home/rmsentry/DUST_Infantry_Vision/src/install/auto_aim_interfaces/local/lib/python3.10/dist-packages/auto_aim_interfaces/msg/_target.py'...
[11.745s] Compiling '/home/rmsentry/DUST_Infantry_Vision/src/install/auto_aim_interfaces/local/lib/python3.10/dist-packages/auto_aim_interfaces/msg/_tracker_info.py'...
[11.751s] -- Installing: /home/rmsentry/DUST_Infantry_Vision/src/install/auto_aim_interfaces/local/lib/python3.10/dist-packages/auto_aim_interfaces/auto_aim_interfaces_s__rosidl_typesupport_fastrtps_c.cpython-310-x86_64-linux-gnu.so
[11.751s] -- Set non-toolchain portion of runtime path of "/home/rmsentry/DUST_Infantry_Vision/src/install/auto_aim_interfaces/local/lib/python3.10/dist-packages/auto_aim_interfaces/auto_aim_interfaces_s__rosidl_typesupport_fastrtps_c.cpython-310-x86_64-linux-gnu.so" to ""
[11.751s] -- Installing: /home/rmsentry/DUST_Infantry_Vision/src/install/auto_aim_interfaces/local/lib/python3.10/dist-packages/auto_aim_interfaces/auto_aim_interfaces_s__rosidl_typesupport_introspection_c.cpython-310-x86_64-linux-gnu.so
[11.752s] -- Set non-toolchain portion of runtime path of "/home/rmsentry/DUST_Infantry_Vision/src/install/auto_aim_interfaces/local/lib/python3.10/dist-packages/auto_aim_interfaces/auto_aim_interfaces_s__rosidl_typesupport_introspection_c.cpython-310-x86_64-linux-gnu.so" to ""
[11.752s] -- Installing: /home/rmsentry/DUST_Infantry_Vision/src/install/auto_aim_interfaces/local/lib/python3.10/dist-packages/auto_aim_interfaces/auto_aim_interfaces_s__rosidl_typesupport_c.cpython-310-x86_64-linux-gnu.so
[11.752s] -- Set non-toolchain portion of runtime path of "/home/rmsentry/DUST_Infantry_Vision/src/install/auto_aim_interfaces/local/lib/python3.10/dist-packages/auto_aim_interfaces/auto_aim_interfaces_s__rosidl_typesupport_c.cpython-310-x86_64-linux-gnu.so" to ""
[11.752s] -- Installing: /home/rmsentry/DUST_Infantry_Vision/src/install/auto_aim_interfaces/lib/libauto_aim_interfaces__rosidl_generator_py.so
[11.753s] -- Set non-toolchain portion of runtime path of "/home/rmsentry/DUST_Infantry_Vision/src/install/auto_aim_interfaces/lib/libauto_aim_interfaces__rosidl_generator_py.so" to ""
[11.753s] -- Installing: /home/rmsentry/DUST_Infantry_Vision/src/install/auto_aim_interfaces/share/auto_aim_interfaces/msg/GimbalCmd.idl
[11.753s] -- Installing: /home/rmsentry/DUST_Infantry_Vision/src/install/auto_aim_interfaces/share/auto_aim_interfaces/msg/Armors.idl
[11.753s] -- Installing: /home/rmsentry/DUST_Infantry_Vision/src/install/auto_aim_interfaces/share/auto_aim_interfaces/msg/Target.idl
[11.753s] -- Installing: /home/rmsentry/DUST_Infantry_Vision/src/install/auto_aim_interfaces/share/auto_aim_interfaces/msg/TrackerInfo.idl
[11.753s] -- Installing: /home/rmsentry/DUST_Infantry_Vision/src/install/auto_aim_interfaces/share/auto_aim_interfaces/msg/Measurement.idl
[11.754s] -- Installing: /home/rmsentry/DUST_Infantry_Vision/src/install/auto_aim_interfaces/share/auto_aim_interfaces/msg/GimbalCmd.msg
[11.754s] -- Installing: /home/rmsentry/DUST_Infantry_Vision/src/install/auto_aim_interfaces/share/auto_aim_interfaces/msg/Armors.msg
[11.754s] -- Installing: /home/rmsentry/DUST_Infantry_Vision/src/install/auto_aim_interfaces/share/auto_aim_interfaces/msg/Target.msg
[11.754s] -- Installing: /home/rmsentry/DUST_Infantry_Vision/src/install/auto_aim_interfaces/share/auto_aim_interfaces/msg/TrackerInfo.msg
[11.754s] -- Installing: /home/rmsentry/DUST_Infantry_Vision/src/install/auto_aim_interfaces/share/auto_aim_interfaces/msg/Measurement.msg
[11.754s] -- Installing: /home/rmsentry/DUST_Infantry_Vision/src/install/auto_aim_interfaces/share/ament_index/resource_index/package_run_dependencies/auto_aim_interfaces
[11.754s] -- Installing: /home/rmsentry/DUST_Infantry_Vision/src/install/auto_aim_interfaces/share/ament_index/resource_index/parent_prefix_path/auto_aim_interfaces
[11.754s] -- Installing: /home/rmsentry/DUST_Infantry_Vision/src/install/auto_aim_interfaces/share/auto_aim_interfaces/environment/ament_prefix_path.sh
[11.754s] -- Installing: /home/rmsentry/DUST_Infantry_Vision/src/install/auto_aim_interfaces/share/auto_aim_interfaces/environment/ament_prefix_path.dsv
[11.755s] -- Installing: /home/rmsentry/DUST_Infantry_Vision/src/install/auto_aim_interfaces/share/auto_aim_interfaces/environment/path.sh
[11.755s] -- Installing: /home/rmsentry/DUST_Infantry_Vision/src/install/auto_aim_interfaces/share/auto_aim_interfaces/environment/path.dsv
[11.755s] -- Installing: /home/rmsentry/DUST_Infantry_Vision/src/install/auto_aim_interfaces/share/auto_aim_interfaces/local_setup.bash
[11.755s] -- Installing: /home/rmsentry/DUST_Infantry_Vision/src/install/auto_aim_interfaces/share/auto_aim_interfaces/local_setup.sh
[11.755s] -- Installing: /home/rmsentry/DUST_Infantry_Vision/src/install/auto_aim_interfaces/share/auto_aim_interfaces/local_setup.zsh
[11.756s] -- Installing: /home/rmsentry/DUST_Infantry_Vision/src/install/auto_aim_interfaces/share/auto_aim_interfaces/local_setup.dsv
[11.756s] -- Installing: /home/rmsentry/DUST_Infantry_Vision/src/install/auto_aim_interfaces/share/auto_aim_interfaces/package.dsv
[11.756s] -- Installing: /home/rmsentry/DUST_Infantry_Vision/src/install/auto_aim_interfaces/share/ament_index/resource_index/packages/auto_aim_interfaces
[11.756s] -- Installing: /home/rmsentry/DUST_Infantry_Vision/src/install/auto_aim_interfaces/share/auto_aim_interfaces/cmake/export_auto_aim_interfaces__rosidl_generator_cExport.cmake
[11.756s] -- Installing: /home/rmsentry/DUST_Infantry_Vision/src/install/auto_aim_interfaces/share/auto_aim_interfaces/cmake/export_auto_aim_interfaces__rosidl_generator_cExport-noconfig.cmake
[11.757s] -- Installing: /home/rmsentry/DUST_Infantry_Vision/src/install/auto_aim_interfaces/share/auto_aim_interfaces/cmake/export_auto_aim_interfaces__rosidl_typesupport_fastrtps_cExport.cmake
[11.757s] -- Installing: /home/rmsentry/DUST_Infantry_Vision/src/install/auto_aim_interfaces/share/auto_aim_interfaces/cmake/export_auto_aim_interfaces__rosidl_typesupport_fastrtps_cExport-noconfig.cmake
[11.757s] -- Installing: /home/rmsentry/DUST_Infantry_Vision/src/install/auto_aim_interfaces/share/auto_aim_interfaces/cmake/auto_aim_interfaces__rosidl_typesupport_introspection_cExport.cmake
[11.757s] -- Installing: /home/rmsentry/DUST_Infantry_Vision/src/install/auto_aim_interfaces/share/auto_aim_interfaces/cmake/auto_aim_interfaces__rosidl_typesupport_introspection_cExport-noconfig.cmake
[11.757s] -- Installing: /home/rmsentry/DUST_Infantry_Vision/src/install/auto_aim_interfaces/share/auto_aim_interfaces/cmake/auto_aim_interfaces__rosidl_typesupport_cExport.cmake
[11.757s] -- Installing: /home/rmsentry/DUST_Infantry_Vision/src/install/auto_aim_interfaces/share/auto_aim_interfaces/cmake/auto_aim_interfaces__rosidl_typesupport_cExport-noconfig.cmake
[11.757s] -- Installing: /home/rmsentry/DUST_Infantry_Vision/src/install/auto_aim_interfaces/share/auto_aim_interfaces/cmake/export_auto_aim_interfaces__rosidl_generator_cppExport.cmake
[11.757s] -- Installing: /home/rmsentry/DUST_Infantry_Vision/src/install/auto_aim_interfaces/share/auto_aim_interfaces/cmake/export_auto_aim_interfaces__rosidl_typesupport_fastrtps_cppExport.cmake
[11.758s] -- Installing: /home/rmsentry/DUST_Infantry_Vision/src/install/auto_aim_interfaces/share/auto_aim_interfaces/cmake/export_auto_aim_interfaces__rosidl_typesupport_fastrtps_cppExport-noconfig.cmake
[11.758s] -- Installing: /home/rmsentry/DUST_Infantry_Vision/src/install/auto_aim_interfaces/share/auto_aim_interfaces/cmake/auto_aim_interfaces__rosidl_typesupport_introspection_cppExport.cmake
[11.758s] -- Installing: /home/rmsentry/DUST_Infantry_Vision/src/install/auto_aim_interfaces/share/auto_aim_interfaces/cmake/auto_aim_interfaces__rosidl_typesupport_introspection_cppExport-noconfig.cmake
[11.758s] -- Installing: /home/rmsentry/DUST_Infantry_Vision/src/install/auto_aim_interfaces/share/auto_aim_interfaces/cmake/auto_aim_interfaces__rosidl_typesupport_cppExport.cmake
[11.758s] -- Installing: /home/rmsentry/DUST_Infantry_Vision/src/install/auto_aim_interfaces/share/auto_aim_interfaces/cmake/auto_aim_interfaces__rosidl_typesupport_cppExport-noconfig.cmake
[11.758s] -- Installing: /home/rmsentry/DUST_Infantry_Vision/src/install/auto_aim_interfaces/share/auto_aim_interfaces/cmake/export_auto_aim_interfaces__rosidl_generator_pyExport.cmake
[11.758s] -- Installing: /home/rmsentry/DUST_Infantry_Vision/src/install/auto_aim_interfaces/share/auto_aim_interfaces/cmake/export_auto_aim_interfaces__rosidl_generator_pyExport-noconfig.cmake
[11.759s] -- Installing: /home/rmsentry/DUST_Infantry_Vision/src/install/auto_aim_interfaces/share/auto_aim_interfaces/cmake/rosidl_cmake-extras.cmake
[11.759s] -- Installing: /home/rmsentry/DUST_Infantry_Vision/src/install/auto_aim_interfaces/share/auto_aim_interfaces/cmake/ament_cmake_export_dependencies-extras.cmake
[11.759s] -- Installing: /home/rmsentry/DUST_Infantry_Vision/src/install/auto_aim_interfaces/share/auto_aim_interfaces/cmake/ament_cmake_export_include_directories-extras.cmake
[11.759s] -- Installing: /home/rmsentry/DUST_Infantry_Vision/src/install/auto_aim_interfaces/share/auto_aim_interfaces/cmake/ament_cmake_export_libraries-extras.cmake
[11.759s] -- Installing: /home/rmsentry/DUST_Infantry_Vision/src/install/auto_aim_interfaces/share/auto_aim_interfaces/cmake/ament_cmake_export_targets-extras.cmake
[11.760s] -- Installing: /home/rmsentry/DUST_Infantry_Vision/src/install/auto_aim_interfaces/share/auto_aim_interfaces/cmake/rosidl_cmake_export_typesupport_targets-extras.cmake
[11.760s] -- Installing: /home/rmsentry/DUST_Infantry_Vision/src/install/auto_aim_interfaces/share/auto_aim_interfaces/cmake/rosidl_cmake_export_typesupport_libraries-extras.cmake
[11.760s] -- Installing: /home/rmsentry/DUST_Infantry_Vision/src/install/auto_aim_interfaces/share/auto_aim_interfaces/cmake/auto_aim_interfacesConfig.cmake
[11.760s] -- Installing: /home/rmsentry/DUST_Infantry_Vision/src/install/auto_aim_interfaces/share/auto_aim_interfaces/cmake/auto_aim_interfacesConfig-version.cmake
[11.760s] -- Installing: /home/rmsentry/DUST_Infantry_Vision/src/install/auto_aim_interfaces/share/auto_aim_interfaces/package.xml
[11.762s] Invoked command in '/home/rmsentry/DUST_Infantry_Vision/src/build/auto_aim_interfaces' returned '0': CMAKE_PREFIX_PATH=/opt/ros/humble /usr/local/bin/cmake --install /home/rmsentry/DUST_Infantry_Vision/src/build/auto_aim_interfaces
